----------------------------------
Built on: May 11 2022 13:06:52
Starting on 07.06.2022 20:33:21.
Waiting for modules...
Modules found...
280
302
312
325
355
364
372
374
376
378
381
...
...1
...2
...21
...3
...4
...5
...6
...7
...8
...9
...10
user...
s...
Initializing...
1_0....
WS 1
1_0_1....
Disconnected, connecting...
1_0_2....
1_1....
1_2....
1_3....
2...
2_1...
2_1_1...
2_1_2...
3...
4...
5...
6...
7...
7.5...
8...
initing shit.... 359
got msg
welcome msg 1
welcome msg 2
l1f: 2603064 1f2: 2603064 19...
9...1
| 8 | 14 |
9...1...1
9...1...2
9...2
9...3
10...
10...1
10...1/1
10...1/2
10...2
10 000D80A4
10...a2
10...b2
10...c2
10...d2
10...e2
10...3
10...4
10...41
10...412
10...42
10...43
10.5...
-> [4006]
11...
12...
Finished.
<- [4004]
-> [4006]
-> [9193]
<- [4004]
-> [4006]
<- [9173]
texture create error 88760B59
<- [4004]
<- [4004]
<- [9173]
<- [9193]
Disconnected, connecting...
-> [4006]
-> [4006]
<- [4004]
-> [9193]
<- [9173]
<- [9193]
-> [9102]
-> [9164]
<- [9164]
Disconnected, connecting...
initing shit.... 359
got msg
m_flEncodedController DT_BaseAnimating m_flEncodedController is 0
got msg
got msg
got msg
